Flow report for Processor
Wed Dec 05 16:14:39 2012
Quartus II 64-Bit Version 9.1 Build 222 10/21/2009 SJ Full Version


---------------------
; Table of Contents ;
---------------------
  1. Legal Notice
  2. Flow Summary
  3. Flow Settings
  4. Flow Non-Default Global Settings
  5. Flow Elapsed Time
  6. Flow OS Summary
  7. Flow Log



----------------
; Legal Notice ;
----------------
Copyright (C) 1991-2009 Altera Corporation
Your use of Altera Corporation's design tools, logic functions 
and other software and tools, and its AMPP partner logic 
functions, and any output files from any of the foregoing 
(including device programming or simulation files), and any 
associated documentation or information are expressly subject 
to the terms and conditions of the Altera Program License 
Subscription Agreement, Altera MegaCore Function License 
Agreement, or other applicable license agreement, including, 
without limitation, that your use is for the sole purpose of 
programming logic devices manufactured by Altera and sold by 
Altera or its authorized distributors.  Please refer to the 
applicable agreement for further details.



+-------------------------------------------------------------------------------+
; Flow Summary                                                                  ;
+------------------------------------+------------------------------------------+
; Flow Status                        ; Successful - Wed Dec 05 16:14:39 2012    ;
; Quartus II 64-Bit Version          ; 9.1 Build 222 10/21/2009 SJ Full Version ;
; Revision Name                      ; Processor                                ;
; Top-level Entity Name              ; Processor                                ;
; Family                             ; Cyclone II                               ;
; Device                             ; EP2C35F672C6                             ;
; Timing Models                      ; Final                                    ;
; Met timing requirements            ; No                                       ;
; Total logic elements               ; 1,771 / 33,216 ( 5 % )                   ;
;     Total combinational functions  ; 1,758 / 33,216 ( 5 % )                   ;
;     Dedicated logic registers      ; 139 / 33,216 ( < 1 % )                   ;
; Total registers                    ; 139                                      ;
; Total pins                         ; 107 / 475 ( 23 % )                       ;
; Total virtual pins                 ; 0                                        ;
; Total memory bits                  ; 0 / 483,840 ( 0 % )                      ;
; Embedded Multiplier 9-bit elements ; 0 / 70 ( 0 % )                           ;
; Total PLLs                         ; 0 / 4 ( 0 % )                            ;
+------------------------------------+------------------------------------------+


+-----------------------------------------+
; Flow Settings                           ;
+-------------------+---------------------+
; Option            ; Setting             ;
+-------------------+---------------------+
; Start date & time ; 12/05/2012 16:14:08 ;
; Main task         ; Compilation         ;
; Revision Name     ; Processor           ;
+-------------------+---------------------+


+---------------------------------------------------------------------------------------------------------------------------------------------------------------+
; Flow Non-Default Global Settings                                                                                                                              ;
+-----------------------------------------+-----------------------------------------------------+--------------------------------+-------------+----------------+
; Assignment Name                         ; Value                                               ; Default Value                  ; Entity Name ; Section Id     ;
+-----------------------------------------+-----------------------------------------------------+--------------------------------+-------------+----------------+
; COMPILER_SIGNATURE_ID                   ; 171859733281481.135474564807288                     ; --                             ; --          ; --             ;
; FITTER_AUTO_EFFORT_DESIRED_SLACK_MARGIN ; 0 ps                                                ; 0 ns                           ; --          ; --             ;
; MAX_CORE_JUNCTION_TEMP                  ; 85                                                  ; --                             ; --          ; --             ;
; MIN_CORE_JUNCTION_TEMP                  ; 0                                                   ; --                             ; --          ; --             ;
; MISC_FILE                               ; C:/Users/Brian/Documents/ece385/Labs9/Processor.dpf ; --                             ; --          ; --             ;
; OPTIMIZE_HOLD_TIMING                    ; All Paths                                           ; IO Paths and Minimum TPD Paths ; --          ; --             ;
; OPTIMIZE_MULTI_CORNER_TIMING            ; On                                                  ; Off                            ; --          ; --             ;
; OPTIMIZE_POWER_DURING_FITTING           ; Off                                                 ; Normal compilation             ; --          ; --             ;
; PARTITION_COLOR                         ; 16764057                                            ; --                             ; --          ; Top            ;
; PARTITION_NETLIST_TYPE                  ; SOURCE                                              ; --                             ; --          ; Top            ;
; USE_GENERATED_PHYSICAL_CONSTRAINTS      ; Off                                                 ; --                             ; --          ; eda_blast_fpga ;
+-----------------------------------------+-----------------------------------------------------+--------------------------------+-------------+----------------+


+-----------------------------------------------------------------------------------------------------------------------------+
; Flow Elapsed Time                                                                                                           ;
+-------------------------+--------------+-------------------------+---------------------+------------------------------------+
; Module Name             ; Elapsed Time ; Average Processors Used ; Peak Virtual Memory ; Total CPU Time (on all processors) ;
+-------------------------+--------------+-------------------------+---------------------+------------------------------------+
; Analysis & Synthesis    ; 00:00:16     ; 1.0                     ; 336 MB              ; 00:00:17                           ;
; Fitter                  ; 00:00:10     ; 1.0                     ; 372 MB              ; 00:00:10                           ;
; Assembler               ; 00:00:02     ; 1.0                     ; 314 MB              ; 00:00:02                           ;
; Classic Timing Analyzer ; 00:00:00     ; 1.0                     ; 217 MB              ; 00:00:00                           ;
; Total                   ; 00:00:28     ; --                      ; --                  ; 00:00:29                           ;
+-------------------------+--------------+-------------------------+---------------------+------------------------------------+


+------------------------------------------------------------------------------------------+
; Flow OS Summary                                                                          ;
+-------------------------+------------------+---------------+------------+----------------+
; Module Name             ; Machine Hostname ; OS Name       ; OS Version ; Processor type ;
+-------------------------+------------------+---------------+------------+----------------+
; Analysis & Synthesis    ; Kurma            ; Windows Vista ; 6.1        ; x86_64         ;
; Fitter                  ; Kurma            ; Windows Vista ; 6.1        ; x86_64         ;
; Assembler               ; Kurma            ; Windows Vista ; 6.1        ; x86_64         ;
; Classic Timing Analyzer ; Kurma            ; Windows Vista ; 6.1        ; x86_64         ;
+-------------------------+------------------+---------------+------------+----------------+


------------
; Flow Log ;
------------
quartus_map --read_settings_files=on --write_settings_files=off Lab9 -c Processor
quartus_fit --read_settings_files=off --write_settings_files=off Lab9 -c Processor
quartus_asm --read_settings_files=off --write_settings_files=off Lab9 -c Processor
quartus_tan --read_settings_files=off --write_settings_files=off Lab9 -c Processor --timing_analysis_only



